[20Jul2025 00:00:05.556] [Server thread/INFO] [APTweaks(Core)/]: [APTweaks:Core] ↑ Server load changed from LOW (avg. 38.515018463134766) to NORMAL (avg. 40.703853607177734)
[20Jul2025 00:00:10.970] [Server thread/INFO] [net.minecraft.server.MinecraftServer/]: MilerinotFound has made the advancement [Dragonslayer]
[20Jul2025 00:00:12.836] [Server thread/INFO] [APTweaks(Core)/]: [APTweaks:Core] ↓ Server load changed from NORMAL (avg. 40.703853607177734) to LOW (avg. 39.33979415893555)
[20Jul2025 00:00:35.368] [Server thread/INFO] [APTweaks(Core)/]: [APTweaks:Core] ↑ Server load changed from LOW (avg. 35.147953033447266) to MEDIUM (avg. 46.37251281738281)
[20Jul2025 00:00:42.836] [Server thread/INFO] [APTweaks(Core)/]: [APTweaks:Core] ↓ Server load changed from MEDIUM (avg. 46.37251281738281) to LOW (avg. 37.48451232910156)
[20Jul2025 00:00:57.836] [Server thread/INFO] [APTweaks(Core)/]: [APTweaks:Core] ↑ Server load changed from LOW (avg. 37.48451232910156) to MEDIUM (avg. 46.98383712768555)
[20Jul2025 00:01:05.338] [Server thread/INFO] [APTweaks(Core)/]: [APTweaks:Core] ↓ Server load changed from MEDIUM (avg. 46.98383712768555) to NORMAL (avg. 41.89839172363281)
[20Jul2025 00:01:20.336] [Server thread/INFO] [APTweaks(Core)/]: [APTweaks:Core] ↓ Server load changed from NORMAL (avg. 41.89839172363281) to LOW (avg. 37.82206344604492)
[20Jul2025 00:01:28.122] [Server thread/INFO] [APTweaks(Core)/]: [APTweaks:Core] ↑ Server load changed from LOW (avg. 37.82206344604492) to HIGH (avg. 53.39164352416992)
[20Jul2025 00:01:34.775] [Server thread/INFO] [net.minecraft.server.MinecraftServer/]: panela_limon has made the advancement [Herc was on a Roll!]
[20Jul2025 00:01:35.336] [Server thread/INFO] [APTweaks(Core)/]: [APTweaks:Core] ↓ Server load changed from HIGH (avg. 53.39164352416992) to NORMAL (avg. 41.10322570800781)
[20Jul2025 00:01:50.336] [Server thread/INFO] [APTweaks(Core)/]: [APTweaks:Core] ↓ Server load changed from NORMAL (avg. 41.10322570800781) to LOW (avg. 35.19952392578125)
[20Jul2025 00:02:12.836] [Server thread/INFO] [APTweaks(Core)/]: [APTweaks:Core] ↑ Server load changed from LOW (avg. 37.58089065551758) to NORMAL (avg. 42.453704833984375)
[20Jul2025 00:02:20.336] [Server thread/INFO] [APTweaks(Core)/]: [APTweaks:Core] ↓ Server load changed from NORMAL (avg. 42.453704833984375) to LOW (avg. 38.79667282104492)
[20Jul2025 00:02:35.606] [Server thread/INFO] [APTweaks(Core)/]: [APTweaks:Core] ↑ Server load changed from LOW (avg. 38.79667282104492) to HIGH (avg. 51.13981246948242)
[20Jul2025 00:02:43.476] [Server thread/INFO] [APTweaks(Core)/]: [APTweaks:Core] ↑ Server load changed from HIGH (avg. 51.13981246948242) to VERY_HIGH (avg. 55.07419967651367)
[20Jul2025 00:03:06.805] [Server thread/INFO] [APTweaks(Core)/]: [APTweaks:Core] ↓ Server load changed from VERY_HIGH (avg. 61.112220764160156) to HIGH (avg. 53.764190673828125)
[20Jul2025 00:03:20.336] [Server thread/INFO] [APTweaks(Core)/]: [APTweaks:Core] ↓ Server load changed from HIGH (avg. 53.764190673828125) to NORMAL (avg. 41.65118408203125)
[20Jul2025 00:03:50.498] [Server thread/INFO] [APTweaks(Core)/]: [APTweaks:Core] ↑ Server load changed from NORMAL (avg. 44.403263092041016) to HIGH (avg. 52.007545471191406)
[20Jul2025 00:03:57.849] [Server thread/INFO] [APTweaks(Core)/]: [APTweaks:Core] ↓ Server load changed from HIGH (avg. 52.007545471191406) to MEDIUM (avg. 48.922271728515625)
[20Jul2025 00:04:13.943] [Server thread/INFO] [APTweaks(Core)/]: [APTweaks:Core] ↑ Server load changed from MEDIUM (avg. 48.922271728515625) to VERY_HIGH (avg. 59.99235534667969)
[20Jul2025 00:04:27.857] [Server thread/INFO] [APTweaks(Core)/]: [APTweaks:Core] ↓ Server load changed from VERY_HIGH (avg. 59.99235534667969) to MEDIUM (avg. 48.23810577392578)
[20Jul2025 00:04:50.584] [Server thread/INFO] [APTweaks(Core)/]: [APTweaks:Core] ↑ Server load changed from MEDIUM (avg. 48.96834945678711) to VERY_HIGH (avg. 62.780033111572266)
[20Jul2025 00:05:05.530] [Server thread/INFO] [APTweaks(Core)/]: [APTweaks:Core] ↓ Server load changed from VERY_HIGH (avg. 62.780033111572266) to LOW (avg. 39.16365051269531)
[20Jul2025 00:05:21.756] [Server thread/INFO] [APTweaks(Core)/]: [APTweaks:Core] ↑ Server load changed from LOW (avg. 39.16365051269531) to NORMAL (avg. 43.61601257324219)
[20Jul2025 00:05:27.345] [Server thread/WARN] [net.minecraft.server.MinecraftServer/]: Can't keep up! Is the server overloaded? Running 2009ms or 40 ticks behind
[20Jul2025 00:05:30.198] [Server thread/INFO] [APTweaks(Core)/]: [APTweaks:Core] ↑ Server load changed from NORMAL (avg. 43.61601257324219) to HIGH (avg. 51.27717208862305)
[20Jul2025 00:05:36.096] [Server thread/INFO] [net.minecraft.server.network.ServerGamePacketListenerImpl/]: verganuel lost connection: Disconnected
[20Jul2025 00:05:36.096] [Server thread/INFO] [net.minecraft.server.MinecraftServer/]: verganuel left the game
[20Jul2025 00:05:37.352] [Server thread/INFO] [APTweaks(Core)/]: [APTweaks:Core] ↓ Server load changed from HIGH (avg. 51.27717208862305) to MEDIUM (avg. 48.95802688598633)
[20Jul2025 00:05:52.336] [Server thread/INFO] [APTweaks(Core)/]: [APTweaks:Core] ↓ Server load changed from MEDIUM (avg. 48.95802688598633) to LOW (avg. 22.906192779541016)
[20Jul2025 00:07:33.362] [Worker-Main-4/WARN] [net.minecraft.world.entity.ai.attributes.AttributeMap/]: Ignoring unknown attribute 'reach-entity-attributes:reach'
[20Jul2025 00:07:33.385] [Worker-Main-5/WARN] [net.minecraft.world.entity.ai.attributes.AttributeMap/]: Ignoring unknown attribute 'reach-entity-attributes:reach'
[20Jul2025 00:07:33.385] [Worker-Main-5/WARN] [net.minecraft.world.entity.ai.attributes.AttributeMap/]: Ignoring unknown attribute 'reach-entity-attributes:reach'
[20Jul2025 00:07:33.386] [Worker-Main-5/WARN] [net.minecraft.world.entity.ai.attributes.AttributeMap/]: Ignoring unknown attribute 'reach-entity-attributes:reach'
[20Jul2025 00:11:36.554] [Server thread/INFO] [net.minecraft.server.MinecraftServer/]: panela_limon has reached the goal [Postmortal]
[20Jul2025 00:12:06.477] [Server thread/INFO] [net.minecraft.server.MinecraftServer/]: MilerinotFound was struck by lightning
[20Jul2025 00:12:19.208] [Server thread/WARN] [net.minecraft.world.level.entity.PersistentEntitySectionManager/]: UUID of added entity already exists: ItemEntity['Bubble Amulet'/2879689, l='ServerLevel[world]', x=1466.63, y=61.00, z=154.43]
[20Jul2025 00:12:22.467] [Server thread/INFO] [net.minecraft.server.MinecraftServer/]: panela_limon was struck by lightning
[20Jul2025 00:12:52.336] [Server thread/INFO] [APTweaks(Core)/]: [APTweaks:Core] ↑ Server load changed from LOW (avg. 21.539264678955078) to NORMAL (avg. 40.44883346557617)
[20Jul2025 00:12:59.836] [Server thread/INFO] [APTweaks(Core)/]: [APTweaks:Core] ↓ Server load changed from NORMAL (avg. 40.44883346557617) to LOW (avg. 21.79244613647461)
[20Jul2025 00:14:51.423] [Server thread/WARN] [net.minecraft.server.level.ServerEntity/]: Fetching packet for removed entity ItemEntity['Air'/2560232, l='ServerLevel[world]', x=1300.60, y=62.51, z=503.06, removed=DISCARDED]
[20Jul2025 00:14:58.131] [Server thread/WARN] [net.minecraft.server.level.ServerEntity/]: Fetching packet for removed entity ItemEntity['Air'/2560232, l='ServerLevel[world]', x=1300.60, y=62.51, z=503.06, removed=DISCARDED]
[20Jul2025 00:15:22.348] [Server thread/INFO] [APTweaks(Core)/]: [APTweaks:Core] ↑ Server load changed from LOW (avg. 28.78855323791504) to NORMAL (avg. 41.742977142333984)
[20Jul2025 00:15:26.134] [Worker-Main-4/WARN] [net.minecraft.world.entity.ai.attributes.AttributeMap/]: Ignoring unknown attribute 'reach-entity-attributes:reach'
[20Jul2025 00:15:26.134] [Worker-Main-4/WARN] [net.minecraft.world.entity.ai.attributes.AttributeMap/]: Ignoring unknown attribute 'reach-entity-attributes:reach'
[20Jul2025 00:15:26.134] [Worker-Main-4/WARN] [net.minecraft.world.entity.ai.attributes.AttributeMap/]: Ignoring unknown attribute 'reach-entity-attributes:reach'
[20Jul2025 00:15:26.135] [Worker-Main-4/WARN] [net.minecraft.world.entity.ai.attributes.AttributeMap/]: Ignoring unknown attribute 'reach-entity-attributes:reach'
[20Jul2025 00:15:26.153] [Worker-Main-4/WARN] [net.minecraft.world.entity.ai.attributes.AttributeMap/]: Ignoring unknown attribute 'reach-entity-attributes:reach'
[20Jul2025 00:15:26.153] [Worker-Main-4/WARN] [net.minecraft.world.entity.ai.attributes.AttributeMap/]: Ignoring unknown attribute 'reach-entity-attributes:reach'
[20Jul2025 00:15:26.153] [Worker-Main-4/WARN] [net.minecraft.world.entity.ai.attributes.AttributeMap/]: Ignoring unknown attribute 'reach-entity-attributes:reach'
[20Jul2025 00:15:26.153] [Worker-Main-4/WARN] [net.minecraft.world.entity.ai.attributes.AttributeMap/]: Ignoring unknown attribute 'reach-entity-attributes:reach'
[20Jul2025 00:15:26.154] [Worker-Main-4/WARN] [net.minecraft.world.entity.ai.attributes.AttributeMap/]: Ignoring unknown attribute 'reach-entity-attributes:reach'
[20Jul2025 00:15:29.836] [Server thread/INFO] [APTweaks(Core)/]: [APTweaks:Core] ↓ Server load changed from NORMAL (avg. 41.742977142333984) to LOW (avg. 36.050506591796875)
[20Jul2025 00:16:53.384] [Worker-Main-4/WARN] [net.minecraft.world.entity.ai.attributes.AttributeMap/]: Ignoring unknown attribute 'reach-entity-attributes:reach'
[20Jul2025 00:16:53.385] [Worker-Main-4/WARN] [net.minecraft.world.entity.ai.attributes.AttributeMap/]: Ignoring unknown attribute 'reach-entity-attributes:reach'
[20Jul2025 00:16:53.385] [Worker-Main-4/WARN] [net.minecraft.world.entity.ai.attributes.AttributeMap/]: Ignoring unknown attribute 'reach-entity-attributes:reach'
[20Jul2025 00:16:53.472] [Worker-Main-3/WARN] [net.minecraft.world.entity.ai.attributes.AttributeMap/]: Ignoring unknown attribute 'reach-entity-attributes:reach'
[20Jul2025 00:17:58.989] [Worker-Main-3/WARN] [net.minecraft.world.entity.ai.attributes.AttributeMap/]: Ignoring unknown attribute 'reach-entity-attributes:reach'
[20Jul2025 00:17:58.990] [Worker-Main-3/WARN] [net.minecraft.world.entity.ai.attributes.AttributeMap/]: Ignoring unknown attribute 'reach-entity-attributes:reach'
[20Jul2025 00:17:58.990] [Worker-Main-3/WARN] [net.minecraft.world.entity.ai.attributes.AttributeMap/]: Ignoring unknown attribute 'reach-entity-attributes:reach'
[20Jul2025 00:17:59.209] [Worker-Main-4/WARN] [net.minecraft.world.entity.ai.attributes.AttributeMap/]: Ignoring unknown attribute 'reach-entity-attributes:reach'
[20Jul2025 00:17:59.209] [Worker-Main-4/WARN] [net.minecraft.world.entity.ai.attributes.AttributeMap/]: Ignoring unknown attribute 'reach-entity-attributes:reach'
[20Jul2025 00:17:59.210] [Worker-Main-4/WARN] [net.minecraft.world.entity.ai.attributes.AttributeMap/]: Ignoring unknown attribute 'reach-entity-attributes:reach'
[20Jul2025 00:17:59.210] [Worker-Main-4/WARN] [net.minecraft.world.entity.ai.attributes.AttributeMap/]: Ignoring unknown attribute 'reach-entity-attributes:reach'
[20Jul2025 00:18:47.491] [Worker-Main-3/WARN] [net.minecraft.world.entity.ai.attributes.AttributeMap/]: Ignoring unknown attribute 'reach-entity-attributes:reach'
[20Jul2025 00:18:47.491] [Worker-Main-3/WARN] [net.minecraft.world.entity.ai.attributes.AttributeMap/]: Ignoring unknown attribute 'reach-entity-attributes:reach'
[20Jul2025 00:18:47.491] [Worker-Main-3/WARN] [net.minecraft.world.entity.ai.attributes.AttributeMap/]: Ignoring unknown attribute 'reach-entity-attributes:reach'
[20Jul2025 00:18:47.492] [Worker-Main-3/WARN] [net.minecraft.world.entity.ai.attributes.AttributeMap/]: Ignoring unknown attribute 'reach-entity-attributes:reach'
[20Jul2025 00:18:47.492] [Worker-Main-3/WARN] [net.minecraft.world.entity.ai.attributes.AttributeMap/]: Ignoring unknown attribute 'reach-entity-attributes:reach'
[20Jul2025 00:18:47.540] [Worker-Main-3/WARN] [net.minecraft.world.entity.ai.attributes.AttributeMap/]: Ignoring unknown attribute 'reach-entity-attributes:reach'
[20Jul2025 00:18:47.541] [Worker-Main-3/WARN] [net.minecraft.world.entity.ai.attributes.AttributeMap/]: Ignoring unknown attribute 'reach-entity-attributes:reach'
[20Jul2025 00:18:47.541] [Worker-Main-3/WARN] [net.minecraft.world.entity.ai.attributes.AttributeMap/]: Ignoring unknown attribute 'reach-entity-attributes:reach'
[20Jul2025 00:18:47.541] [Worker-Main-3/WARN] [net.minecraft.world.entity.ai.attributes.AttributeMap/]: Ignoring unknown attribute 'reach-entity-attributes:reach'
[20Jul2025 00:18:57.494] [Worker-Main-4/WARN] [net.minecraft.world.entity.ai.attributes.AttributeMap/]: Ignoring unknown attribute 'reach-entity-attributes:reach'
[20Jul2025 00:18:57.495] [Worker-Main-4/WARN] [net.minecraft.world.entity.ai.attributes.AttributeMap/]: Ignoring unknown attribute 'reach-entity-attributes:reach'
[20Jul2025 00:18:57.495] [Worker-Main-4/WARN] [net.minecraft.world.entity.ai.attributes.AttributeMap/]: Ignoring unknown attribute 'reach-entity-attributes:reach'
[20Jul2025 00:18:57.496] [Worker-Main-4/WARN] [net.minecraft.world.entity.ai.attributes.AttributeMap/]: Ignoring unknown attribute 'reach-entity-attributes:reach'
[20Jul2025 00:18:57.814] [Worker-Main-4/WARN] [net.minecraft.world.entity.ai.attributes.AttributeMap/]: Ignoring unknown attribute 'reach-entity-attributes:reach'
[20Jul2025 00:18:59.988] [Server thread/INFO] [APTweaks(Core)/]: [APTweaks:Core] ↑ Server load changed from LOW (avg. 38.67860412597656) to VERY_HIGH (avg. 62.95607376098633)
[20Jul2025 00:19:00.960] [Worker-Main-4/WARN] [net.minecraft.world.entity.ai.attributes.AttributeMap/]: Ignoring unknown attribute 'reach-entity-attributes:reach'
[20Jul2025 00:19:00.960] [Worker-Main-4/WARN] [net.minecraft.world.entity.ai.attributes.AttributeMap/]: Ignoring unknown attribute 'reach-entity-attributes:reach'
[20Jul2025 00:19:00.961] [Worker-Main-4/WARN] [net.minecraft.world.entity.ai.attributes.AttributeMap/]: Ignoring unknown attribute 'reach-entity-attributes:reach'
[20Jul2025 00:19:01.087] [Worker-Main-4/WARN] [net.minecraft.world.entity.ai.attributes.AttributeMap/]: Ignoring unknown attribute 'reach-entity-attributes:reach'
[20Jul2025 00:19:01.087] [Worker-Main-4/WARN] [net.minecraft.world.entity.ai.attributes.AttributeMap/]: Ignoring unknown attribute 'reach-entity-attributes:reach'
[20Jul2025 00:19:01.088] [Worker-Main-4/WARN] [net.minecraft.world.entity.ai.attributes.AttributeMap/]: Ignoring unknown attribute 'reach-entity-attributes:reach'
[20Jul2025 00:19:07.336] [Server thread/INFO] [APTweaks(Core)/]: [APTweaks:Core] ↓ Server load changed from VERY_HIGH (avg. 62.95607376098633) to NORMAL (avg. 44.38981628417969)
[20Jul2025 00:19:22.336] [Server thread/INFO] [APTweaks(Core)/]: [APTweaks:Core] ↓ Server load changed from NORMAL (avg. 44.38981628417969) to LOW (avg. 36.885684967041016)
[20Jul2025 00:19:38.516] [Server thread/INFO] [net.minecraft.server.MinecraftServer/]: MilerinotFound has made the advancement [Who is Cutting Onions?]
[20Jul2025 00:20:14.864] [Server thread/INFO] [APTweaks(Core)/]: [APTweaks:Core] ↑ Server load changed from LOW (avg. 36.1685676574707) to HIGH (avg. 51.12457275390625)
[20Jul2025 00:20:37.336] [Server thread/INFO] [APTweaks(Core)/]: [APTweaks:Core] ↓ Server load changed from HIGH (avg. 53.83988952636719) to LOW (avg. 39.868282318115234)
[20Jul2025 00:24:14.841] [Server thread/INFO] [APTweaks(Core)/]: [APTweaks:Core] ↑ Server load changed from LOW (avg. 28.02978515625) to NORMAL (avg. 40.835628509521484)
[20Jul2025 00:24:22.336] [Server thread/INFO] [APTweaks(Core)/]: [APTweaks:Core] ↓ Server load changed from NORMAL (avg. 40.835628509521484) to LOW (avg. 28.61468505859375)
[20Jul2025 00:25:00.900] [Server thread/ERROR] [placebo/]: Failed to locate any gear sets matching the following predicates: 
[20Jul2025 00:25:00.900] [Server thread/ERROR] [placebo/]: SetPredicate[#irons_spellbooks]
[20Jul2025 00:25:12.015] [Server thread/INFO] [net.minecraft.server.MinecraftServer/]: panela_limon has completed the challenge [Premium!]
[20Jul2025 00:25:47.564] [Server thread/INFO] [net.minecraft.server.MinecraftServer/]: panela_limon has made the advancement [How'd You Get This?]
[20Jul2025 00:26:59.837] [Server thread/INFO] [APTweaks(Core)/]: [APTweaks:Core] ↑ Server load changed from LOW (avg. 30.244136810302734) to NORMAL (avg. 42.756553649902344)
[20Jul2025 00:27:07.336] [Server thread/INFO] [APTweaks(Core)/]: [APTweaks:Core] ↓ Server load changed from NORMAL (avg. 42.756553649902344) to LOW (avg. 37.23614501953125)
[20Jul2025 00:27:18.616] [Server thread/WARN] [net.minecraft.server.level.ServerEntity/]: Fetching packet for removed entity ItemEntity['Air'/3067035, l='ServerLevel[world]', x=2006.69, y=16.18, z=336.33, removed=DISCARDED]
[20Jul2025 00:27:24.235] [Server thread/WARN] [net.minecraft.server.level.ServerEntity/]: Fetching packet for removed entity ItemEntity['Air'/3067035, l='ServerLevel[world]', x=2006.69, y=16.18, z=336.33, removed=DISCARDED]
[20Jul2025 00:27:52.336] [Server thread/INFO] [APTweaks(Core)/]: [APTweaks:Core] ↑ Server load changed from LOW (avg. 28.58048439025879) to NORMAL (avg. 40.43621826171875)
[20Jul2025 00:27:59.836] [Server thread/INFO] [APTweaks(Core)/]: [APTweaks:Core] ↓ Server load changed from NORMAL (avg. 40.43621826171875) to LOW (avg. 29.744403839111328)
[20Jul2025 00:28:12.255] [Worker-Main-4/WARN] [net.minecraft.world.entity.ai.attributes.AttributeMap/]: Ignoring unknown attribute 'reach-entity-attributes:reach'
[20Jul2025 00:28:12.256] [Worker-Main-4/WARN] [net.minecraft.world.entity.ai.attributes.AttributeMap/]: Ignoring unknown attribute 'reach-entity-attributes:reach'
[20Jul2025 00:28:12.269] [Worker-Main-5/WARN] [net.minecraft.world.entity.ai.attributes.AttributeMap/]: Ignoring unknown attribute 'reach-entity-attributes:reach'
[20Jul2025 00:28:12.270] [Worker-Main-5/WARN] [net.minecraft.world.entity.ai.attributes.AttributeMap/]: Ignoring unknown attribute 'reach-entity-attributes:reach'
[20Jul2025 00:28:17.532] [Worker-Main-4/WARN] [net.minecraft.world.entity.ai.attributes.AttributeMap/]: Ignoring unknown attribute 'reach-entity-attributes:reach'
[20Jul2025 00:28:17.532] [Worker-Main-4/WARN] [net.minecraft.world.entity.ai.attributes.AttributeMap/]: Ignoring unknown attribute 'reach-entity-attributes:reach'
[20Jul2025 00:28:17.533] [Worker-Main-4/WARN] [net.minecraft.world.entity.ai.attributes.AttributeMap/]: Ignoring unknown attribute 'reach-entity-attributes:reach'
[20Jul2025 00:28:17.533] [Worker-Main-4/WARN] [net.minecraft.world.entity.ai.attributes.AttributeMap/]: Ignoring unknown attribute 'reach-entity-attributes:reach'
[20Jul2025 00:28:17.533] [Worker-Main-4/WARN] [net.minecraft.world.entity.ai.attributes.AttributeMap/]: Ignoring unknown attribute 'reach-entity-attributes:reach'
[20Jul2025 00:28:17.624] [Worker-Main-3/WARN] [net.minecraft.world.entity.ai.attributes.AttributeMap/]: Ignoring unknown attribute 'reach-entity-attributes:reach'
[20Jul2025 00:28:17.625] [Worker-Main-3/WARN] [net.minecraft.world.entity.ai.attributes.AttributeMap/]: Ignoring unknown attribute 'reach-entity-attributes:reach'
[20Jul2025 00:28:44.836] [Server thread/INFO] [APTweaks(Core)/]: [APTweaks:Core] ↑ Server load changed from LOW (avg. 27.24947738647461) to NORMAL (avg. 42.457332611083984)
[20Jul2025 00:28:49.912] [Worker-Main-5/WARN] [net.minecraft.world.entity.ai.attributes.AttributeMap/]: Ignoring unknown attribute 'reach-entity-attributes:reach'
[20Jul2025 00:28:49.912] [Worker-Main-5/WARN] [net.minecraft.world.entity.ai.attributes.AttributeMap/]: Ignoring unknown attribute 'reach-entity-attributes:reach'
[20Jul2025 00:28:49.912] [Worker-Main-5/WARN] [net.minecraft.world.entity.ai.attributes.AttributeMap/]: Ignoring unknown attribute 'reach-entity-attributes:reach'
[20Jul2025 00:28:49.913] [Worker-Main-5/WARN] [net.minecraft.world.entity.ai.attributes.AttributeMap/]: Ignoring unknown attribute 'reach-entity-attributes:reach'
[20Jul2025 00:28:49.913] [Worker-Main-5/WARN] [net.minecraft.world.entity.ai.attributes.AttributeMap/]: Ignoring unknown attribute 'reach-entity-attributes:reach'
[20Jul2025 00:28:52.336] [Server thread/INFO] [APTweaks(Core)/]: [APTweaks:Core] ↓ Server load changed from NORMAL (avg. 42.457332611083984) to LOW (avg. 39.361106872558594)
[20Jul2025 00:28:52.624] [Worker-Main-3/WARN] [net.minecraft.world.entity.ai.attributes.AttributeMap/]: Ignoring unknown attribute 'reach-entity-attributes:reach'
[20Jul2025 00:28:52.624] [Worker-Main-3/WARN] [net.minecraft.world.entity.ai.attributes.AttributeMap/]: Ignoring unknown attribute 'reach-entity-attributes:reach'
[20Jul2025 00:29:22.336] [Server thread/INFO] [APTweaks(Core)/]: [APTweaks:Core] ↑ Server load changed from LOW (avg. 39.05348587036133) to NORMAL (avg. 40.90911865234375)
[20Jul2025 00:29:37.336] [Server thread/INFO] [APTweaks(Core)/]: [APTweaks:Core] ↓ Server load changed from NORMAL (avg. 40.90911865234375) to LOW (avg. 33.592926025390625)
[20Jul2025 00:31:22.359] [Server thread/INFO] [APTweaks(Core)/]: [APTweaks:Core] ↑ Server load changed from LOW (avg. 34.63715744018555) to MEDIUM (avg. 46.93729019165039)
[20Jul2025 00:31:37.336] [Server thread/INFO] [APTweaks(Core)/]: [APTweaks:Core] ↓ Server load changed from MEDIUM (avg. 46.93729019165039) to LOW (avg. 25.919296264648438)
[20Jul2025 00:35:41.660] [Server thread/INFO] [net.minecraft.server.MinecraftServer/]: panela_limon has made the advancement [New Champion]
[20Jul2025 00:36:05.820] [Server thread/ERROR] [net.minecraft.Util/]: POI data mismatch: already registered at BlockPos{x=2238, y=-25, z=-192}
[20Jul2025 00:36:09.283] [Server thread/INFO] [net.minecraft.server.MinecraftServer/]: MilerinotFound has made the advancement [So Cheesy]
[20Jul2025 00:36:22.122] [Worker-Main-4/WARN] [net.minecraft.world.entity.ai.attributes.AttributeMap/]: Ignoring unknown attribute 'reach-entity-attributes:reach'
[20Jul2025 00:37:16.068] [Server thread/INFO] [net.minecraft.server.MinecraftServer/]: panela_limon has made the advancement [This is the End]
[20Jul2025 00:37:54.825] [Server thread/ERROR] [placebo/]: ##############################
[20Jul2025 00:37:54.825] [Server thread/ERROR] [placebo/]: A Block apotheosis:boss_spawner with BlockEntityType minecraft:chest has subscribed as a TickingEntityBlock but is not using TickingBlockEntityType!
[20Jul2025 00:37:54.826] [Server thread/ERROR] [placebo/]: ##############################
[20Jul2025 00:38:11.470] [Server thread/INFO] [net.minecraft.server.MinecraftServer/]: MilerinotFound has made the advancement [We're Watching]
[20Jul2025 00:39:26.464] [Server thread/INFO] [net.minecraft.server.MinecraftServer/]: MilerinotFound has made the advancement [Pet Researcher]
[20Jul2025 00:39:26.464] [Server thread/INFO] [net.minecraft.server.MinecraftServer/]: MilerinotFound has made the advancement [Pumpkinhead!]
[20Jul2025 00:39:30.812] [Server thread/INFO] [net.minecraft.server.MinecraftServer/]: panela_limon has made the advancement [Pet Beginner]
[20Jul2025 00:39:30.812] [Server thread/INFO] [net.minecraft.server.MinecraftServer/]: panela_limon has made the advancement [Pumpkinhead!]
[20Jul2025 00:39:57.584] [Server thread/INFO] [net.minecraft.server.MinecraftServer/]: MilerinotFound has made the advancement [Bellyful of Gunpowder]
[20Jul2025 00:40:07.313] [Server thread/INFO] [net.minecraft.server.MinecraftServer/]: panela_limon has made the advancement [Sick Burn]
[20Jul2025 00:40:41.768] [Server thread/INFO] [net.minecraft.server.MinecraftServer/]: MilerinotFound has made the advancement [Friendly Fire]
[20Jul2025 00:42:07.418] [Server thread/WARN] [net.minecraft.server.level.ServerEntity/]: Fetching packet for removed entity ItemEntity['Air'/3256080, l='ServerLevel[world]', x=2195.13, y=69.00, z=-481.54, removed=DISCARDED]
[20Jul2025 00:42:07.966] [Server thread/WARN] [net.minecraft.server.level.ServerEntity/]: Fetching packet for removed entity ItemEntity['Air'/3256074, l='ServerLevel[world]', x=2193.13, y=69.00, z=-480.57, removed=DISCARDED]
[20Jul2025 00:42:52.336] [Server thread/INFO] [APTweaks(Core)/]: [APTweaks:Core] ↑ Server load changed from LOW (avg. 36.130897521972656) to NORMAL (avg. 41.28539276123047)
[20Jul2025 00:42:59.851] [Server thread/INFO] [APTweaks(Core)/]: [APTweaks:Core] ↑ Server load changed from NORMAL (avg. 41.28539276123047) to HIGH (avg. 49.98261642456055)
[20Jul2025 00:43:14.836] [Server thread/INFO] [APTweaks(Core)/]: [APTweaks:Core] ↓ Server load changed from HIGH (avg. 49.98261642456055) to LOW (avg. 38.29702377319336)
[20Jul2025 00:43:15.335] [Server thread/INFO] [net.minecraft.server.MinecraftServer/]: MilerinotFound has made the advancement [My Name is Nobody]
[20Jul2025 00:43:30.032] [Server thread/INFO] [APTweaks(Core)/]: [APTweaks:Core] ↑ Server load changed from LOW (avg. 38.29702377319336) to HIGH (avg. 51.472442626953125)
[20Jul2025 00:43:44.836] [Server thread/INFO] [APTweaks(Core)/]: [APTweaks:Core] ↓ Server load changed from HIGH (avg. 51.472442626953125) to LOW (avg. 35.730499267578125)
[20Jul2025 00:44:01.895] [Worker-Main-5/WARN] [net.minecraft.world.entity.ai.attributes.AttributeMap/]: Ignoring unknown attribute 'reach-entity-attributes:reach'
[20Jul2025 00:44:01.896] [Worker-Main-5/WARN] [net.minecraft.world.entity.ai.attributes.AttributeMap/]: Ignoring unknown attribute 'reach-entity-attributes:reach'
[20Jul2025 00:44:01.896] [Worker-Main-5/WARN] [net.minecraft.world.entity.ai.attributes.AttributeMap/]: Ignoring unknown attribute 'reach-entity-attributes:reach'
[20Jul2025 00:44:01.896] [Worker-Main-5/WARN] [net.minecraft.world.entity.ai.attributes.AttributeMap/]: Ignoring unknown attribute 'reach-entity-attributes:reach'
[20Jul2025 00:44:18.922] [Server thread/INFO] [net.minecraft.server.MinecraftServer/]: MilerinotFound has made the advancement [So Noted]
[20Jul2025 00:44:22.336] [Server thread/INFO] [APTweaks(Core)/]: [APTweaks:Core] ↑ Server load changed from LOW (avg. 37.581275939941406) to NORMAL (avg. 42.10307312011719)
[20Jul2025 00:44:37.336] [Server thread/INFO] [APTweaks(Core)/]: [APTweaks:Core] ↓ Server load changed from NORMAL (avg. 42.10307312011719) to LOW (avg. 38.3848991394043)
[20Jul2025 00:45:44.845] [Server thread/INFO] [APTweaks(Core)/]: [APTweaks:Core] ↑ Server load changed from LOW (avg. 36.748226165771484) to NORMAL (avg. 45.89021301269531)
[20Jul2025 00:45:59.836] [Server thread/INFO] [APTweaks(Core)/]: [APTweaks:Core] ↓ Server load changed from NORMAL (avg. 45.89021301269531) to LOW (avg. 33.268409729003906)
[20Jul2025 00:46:14.948] [Server thread/INFO] [APTweaks(Core)/]: [APTweaks:Core] ↑ Server load changed from LOW (avg. 33.268409729003906) to NORMAL (avg. 41.074459075927734)
[20Jul2025 00:46:37.336] [Server thread/INFO] [APTweaks(Core)/]: [APTweaks:Core] ↓ Server load changed from NORMAL (avg. 40.23436737060547) to LOW (avg. 39.10743713378906)
[20Jul2025 00:46:52.349] [Server thread/INFO] [APTweaks(Core)/]: [APTweaks:Core] ↑ Server load changed from LOW (avg. 39.10743713378906) to MEDIUM (avg. 47.88300323486328)
[20Jul2025 00:46:59.947] [Server thread/INFO] [APTweaks(Core)/]: [APTweaks:Core] ↑ Server load changed from MEDIUM (avg. 47.88300323486328) to HIGH (avg. 49.396827697753906)
[20Jul2025 00:47:15.457] [Server thread/INFO] [APTweaks(Core)/]: [APTweaks:Core] ↓ Server load changed from HIGH (avg. 49.396827697753906) to NORMAL (avg. 43.47075653076172)
[20Jul2025 00:47:44.836] [Server thread/INFO] [APTweaks(Core)/]: [APTweaks:Core] ↓ Server load changed from NORMAL (avg. 40.25538635253906) to LOW (avg. 37.127716064453125)
[20Jul2025 00:49:20.312] [Server thread/INFO] [net.minecraft.server.MinecraftServer/]: panela_limon has made the advancement [We're Watching]
[20Jul2025 00:54:37.508] [Server thread/INFO] [net.minecraft.server.MinecraftServer/]: MilerinotFound has made the advancement [Hot Stuff]
[20Jul2025 00:54:42.329] [Worker-Main-4/WARN] [net.minecraft.server.level.WorldGenRegion/]: Tried to access a block entity before it was created. BlockPos{x=2016, y=106, z=-845}
[20Jul2025 00:55:53.433] [Server thread/INFO] [net.minecraft.server.MinecraftServer/]: MilerinotFound has made the advancement [Off Hand Joker]
[20Jul2025 00:55:58.027] [Server thread/ERROR] [placebo/]: ##############################
[20Jul2025 00:55:58.028] [Server thread/ERROR] [placebo/]: A Block apotheosis:boss_spawner with BlockEntityType minecraft:chest has subscribed as a TickingEntityBlock but is not using TickingBlockEntityType!
[20Jul2025 00:55:58.028] [Server thread/ERROR] [placebo/]: ##############################
[20Jul2025 00:56:57.509] [Server thread/INFO] [net.minecraft.server.network.ServerGamePacketListenerImpl/]: MilerinotFound lost connection: Disconnected
[20Jul2025 00:56:57.509] [Server thread/INFO] [net.minecraft.server.MinecraftServer/]: MilerinotFound left the game
[20Jul2025 00:57:07.336] [Server thread/INFO] [APTweaks(Core)/]: [APTweaks:Core] ↓ Server load changed from LOW (avg. 23.341951370239258) to VERY_LOW (avg. 19.468753814697266)
[20Jul2025 00:57:11.646] [Server thread/INFO] [net.minecraft.server.MinecraftServer/]: Stopping server
[20Jul2025 00:57:11.650] [Server thread/INFO] [net.minecraft.server.MinecraftServer/]: Saving players
[20Jul2025 00:57:11.661] [Server thread/INFO] [net.minecraft.server.network.ServerGamePacketListenerImpl/]: panela_limon lost connection: Server closed
[20Jul2025 00:57:11.661] [Server thread/INFO] [net.minecraft.server.MinecraftServer/]: panela_limon left the game
[20Jul2025 00:57:11.675] [Server thread/INFO] [net.minecraft.server.MinecraftServer/]: Saving worlds
[20Jul2025 00:57:12.900] [Server thread/INFO] [net.minecraft.server.MinecraftServer/]: Saving chunks for level 'ServerLevel[world]'/minecraft:overworld
[20Jul2025 00:57:15.468] [Server thread/INFO] [net.minecraft.server.MinecraftServer/]: Saving chunks for level 'ServerLevel[world]'/mahoutsukai:reality_marble
[20Jul2025 00:57:15.470] [Server thread/INFO] [net.minecraft.server.MinecraftServer/]: Saving chunks for level 'ServerLevel[world]'/minecraft:the_nether
[20Jul2025 00:57:15.471] [Server thread/INFO] [net.minecraft.server.MinecraftServer/]: Saving chunks for level 'ServerLevel[world]'/minecraft:the_end
[20Jul2025 00:57:15.613] [Server thread/INFO] [net.minecraft.server.MinecraftServer/]: ThreadedAnvilChunkStorage (world): All chunks are saved
[20Jul2025 00:57:15.613] [Server thread/INFO] [net.minecraft.server.MinecraftServer/]: ThreadedAnvilChunkStorage (reality_marble): All chunks are saved
[20Jul2025 00:57:15.614] [Server thread/INFO] [net.minecraft.server.MinecraftServer/]: ThreadedAnvilChunkStorage (DIM-1): All chunks are saved
[20Jul2025 00:57:15.614] [Server thread/INFO] [net.minecraft.server.MinecraftServer/]: ThreadedAnvilChunkStorage (DIM1): All chunks are saved
[20Jul2025 00:57:15.614] [Server thread/INFO] [net.minecraft.server.MinecraftServer/]: ThreadedAnvilChunkStorage: All dimensions are saved
[20Jul2025 00:57:15.640] [Server thread/INFO] [com.yellowbrossproductions.illageandspillage.IllageAndSpillage/]: Removed entity.illageandspillage.boss_randomizer from Raids to prevent a post-mod-removal crash
[20Jul2025 00:57:15.640] [Server thread/INFO] [com.yellowbrossproductions.illageandspillage.IllageAndSpillage/]: Removed entity.illageandspillage.igniter from Raids to prevent a post-mod-removal crash
[20Jul2025 00:57:15.640] [Server thread/INFO] [com.yellowbrossproductions.illageandspillage.IllageAndSpillage/]: Removed entity.illageandspillage.engineer from Raids to prevent a post-mod-removal crash
[20Jul2025 00:57:15.640] [Server thread/INFO] [com.yellowbrossproductions.illageandspillage.IllageAndSpillage/]: Removed entity.illageandspillage.twittollager from Raids to prevent a post-mod-removal crash
[20Jul2025 00:57:15.640] [Server thread/INFO] [com.yellowbrossproductions.illageandspillage.IllageAndSpillage/]: Removed entity.illageandspillage.magispeller from Raids to prevent a post-mod-removal crash
[20Jul2025 00:57:15.640] [Server thread/INFO] [com.yellowbrossproductions.illageandspillage.IllageAndSpillage/]: Removed entity.illageandspillage.spiritcaller from Raids to prevent a post-mod-removal crash
[20Jul2025 00:57:15.640] [Server thread/INFO] [com.yellowbrossproductions.illageandspillage.IllageAndSpillage/]: Removed entity.illageandspillage.crocofang from Raids to prevent a post-mod-removal crash
[20Jul2025 00:57:15.640] [Server thread/INFO] [com.yellowbrossproductions.illageandspillage.IllageAndSpillage/]: Removed entity.illageandspillage.absorber from Raids to prevent a post-mod-removal crash
[20Jul2025 00:57:15.640] [Server thread/INFO] [com.yellowbrossproductions.illageandspillage.IllageAndSpillage/]: Removed entity.illageandspillage.preserver from Raids to prevent a post-mod-removal crash
[20Jul2025 00:57:15.640] [Server thread/INFO] [com.yellowbrossproductions.illageandspillage.IllageAndSpillage/]: Removed entity.illageandspillage.freakager from Raids to prevent a post-mod-removal crash
[20Jul2025 00:57:15.640] [Server thread/INFO] [com.yellowbrossproductions.illageandspillage.IllageAndSpillage/]: Removed entity.illageandspillage.old_freakager from Raids to prevent a post-mod-removal crash
[20Jul2025 00:57:15.640] [Server thread/INFO] [com.yellowbrossproductions.illageandspillage.IllageAndSpillage/]: Removed entity.illageandspillage.old_magispeller from Raids to prevent a post-mod-removal crash
[20Jul2025 00:57:15.903] [Server thread/INFO] [com.yellowbrossproductions.illageandspillage.IllageAndSpillage/]: Removed entity.illageandspillage.boss_randomizer from Raids to prevent a post-mod-removal crash
[20Jul2025 00:57:15.903] [Server thread/INFO] [com.yellowbrossproductions.illageandspillage.IllageAndSpillage/]: Removed entity.illageandspillage.igniter from Raids to prevent a post-mod-removal crash
[20Jul2025 00:57:15.903] [Server thread/INFO] [com.yellowbrossproductions.illageandspillage.IllageAndSpillage/]: Removed entity.illageandspillage.engineer from Raids to prevent a post-mod-removal crash
[20Jul2025 00:57:15.903] [Server thread/INFO] [com.yellowbrossproductions.illageandspillage.IllageAndSpillage/]: Removed entity.illageandspillage.twittollager from Raids to prevent a post-mod-removal crash
[20Jul2025 00:57:15.903] [Server thread/INFO] [com.yellowbrossproductions.illageandspillage.IllageAndSpillage/]: Removed entity.illageandspillage.magispeller from Raids to prevent a post-mod-removal crash
[20Jul2025 00:57:15.903] [Server thread/INFO] [com.yellowbrossproductions.illageandspillage.IllageAndSpillage/]: Removed entity.illageandspillage.spiritcaller from Raids to prevent a post-mod-removal crash
[20Jul2025 00:57:15.903] [Server thread/INFO] [com.yellowbrossproductions.illageandspillage.IllageAndSpillage/]: Removed entity.illageandspillage.crocofang from Raids to prevent a post-mod-removal crash
[20Jul2025 00:57:15.903] [Server thread/INFO] [com.yellowbrossproductions.illageandspillage.IllageAndSpillage/]: Removed entity.illageandspillage.absorber from Raids to prevent a post-mod-removal crash
[20Jul2025 00:57:15.903] [Server thread/INFO] [com.yellowbrossproductions.illageandspillage.IllageAndSpillage/]: Removed entity.illageandspillage.preserver from Raids to prevent a post-mod-removal crash
[20Jul2025 00:57:15.903] [Server thread/INFO] [com.yellowbrossproductions.illageandspillage.IllageAndSpillage/]: Removed entity.illageandspillage.freakager from Raids to prevent a post-mod-removal crash
[20Jul2025 00:57:15.903] [Server thread/INFO] [com.yellowbrossproductions.illageandspillage.IllageAndSpillage/]: Removed entity.illageandspillage.old_freakager from Raids to prevent a post-mod-removal crash
[20Jul2025 00:57:15.903] [Server thread/INFO] [com.yellowbrossproductions.illageandspillage.IllageAndSpillage/]: Removed entity.illageandspillage.old_magispeller from Raids to prevent a post-mod-removal crash
[20Jul2025 00:57:15.904] [Server thread/INFO] [com.yellowbrossproductions.illageandspillage.IllageAndSpillage/]: Removed entity.illageandspillage.boss_randomizer from Raids to prevent a post-mod-removal crash
[20Jul2025 00:57:15.904] [Server thread/INFO] [com.yellowbrossproductions.illageandspillage.IllageAndSpillage/]: Removed entity.illageandspillage.igniter from Raids to prevent a post-mod-removal crash
[20Jul2025 00:57:15.904] [Server thread/INFO] [com.yellowbrossproductions.illageandspillage.IllageAndSpillage/]: Removed entity.illageandspillage.engineer from Raids to prevent a post-mod-removal crash
[20Jul2025 00:57:15.904] [Server thread/INFO] [com.yellowbrossproductions.illageandspillage.IllageAndSpillage/]: Removed entity.illageandspillage.twittollager from Raids to prevent a post-mod-removal crash
[20Jul2025 00:57:15.904] [Server thread/INFO] [com.yellowbrossproductions.illageandspillage.IllageAndSpillage/]: Removed entity.illageandspillage.magispeller from Raids to prevent a post-mod-removal crash
[20Jul2025 00:57:15.904] [Server thread/INFO] [com.yellowbrossproductions.illageandspillage.IllageAndSpillage/]: Removed entity.illageandspillage.spiritcaller from Raids to prevent a post-mod-removal crash
[20Jul2025 00:57:15.904] [Server thread/INFO] [com.yellowbrossproductions.illageandspillage.IllageAndSpillage/]: Removed entity.illageandspillage.crocofang from Raids to prevent a post-mod-removal crash
[20Jul2025 00:57:15.904] [Server thread/INFO] [com.yellowbrossproductions.illageandspillage.IllageAndSpillage/]: Removed entity.illageandspillage.absorber from Raids to prevent a post-mod-removal crash
[20Jul2025 00:57:15.904] [Server thread/INFO] [com.yellowbrossproductions.illageandspillage.IllageAndSpillage/]: Removed entity.illageandspillage.preserver from Raids to prevent a post-mod-removal crash
[20Jul2025 00:57:15.904] [Server thread/INFO] [com.yellowbrossproductions.illageandspillage.IllageAndSpillage/]: Removed entity.illageandspillage.freakager from Raids to prevent a post-mod-removal crash
[20Jul2025 00:57:15.905] [Server thread/INFO] [com.yellowbrossproductions.illageandspillage.IllageAndSpillage/]: Removed entity.illageandspillage.old_freakager from Raids to prevent a post-mod-removal crash
[20Jul2025 00:57:15.905] [Server thread/INFO] [com.yellowbrossproductions.illageandspillage.IllageAndSpillage/]: Removed entity.illageandspillage.old_magispeller from Raids to prevent a post-mod-removal crash
[20Jul2025 00:57:15.906] [Server thread/INFO] [com.yellowbrossproductions.illageandspillage.IllageAndSpillage/]: Removed entity.illageandspillage.boss_randomizer from Raids to prevent a post-mod-removal crash
[20Jul2025 00:57:15.906] [Server thread/INFO] [com.yellowbrossproductions.illageandspillage.IllageAndSpillage/]: Removed entity.illageandspillage.igniter from Raids to prevent a post-mod-removal crash
[20Jul2025 00:57:15.906] [Server thread/INFO] [com.yellowbrossproductions.illageandspillage.IllageAndSpillage/]: Removed entity.illageandspillage.engineer from Raids to prevent a post-mod-removal crash
[20Jul2025 00:57:15.906] [Server thread/INFO] [com.yellowbrossproductions.illageandspillage.IllageAndSpillage/]: Removed entity.illageandspillage.twittollager from Raids to prevent a post-mod-removal crash
[20Jul2025 00:57:15.906] [Server thread/INFO] [com.yellowbrossproductions.illageandspillage.IllageAndSpillage/]: Removed entity.illageandspillage.magispeller from Raids to prevent a post-mod-removal crash
[20Jul2025 00:57:15.906] [Server thread/INFO] [com.yellowbrossproductions.illageandspillage.IllageAndSpillage/]: Removed entity.illageandspillage.spiritcaller from Raids to prevent a post-mod-removal crash
[20Jul2025 00:57:15.906] [Server thread/INFO] [com.yellowbrossproductions.illageandspillage.IllageAndSpillage/]: Removed entity.illageandspillage.crocofang from Raids to prevent a post-mod-removal crash
[20Jul2025 00:57:15.906] [Server thread/INFO] [com.yellowbrossproductions.illageandspillage.IllageAndSpillage/]: Removed entity.illageandspillage.absorber from Raids to prevent a post-mod-removal crash
[20Jul2025 00:57:15.906] [Server thread/INFO] [com.yellowbrossproductions.illageandspillage.IllageAndSpillage/]: Removed entity.illageandspillage.preserver from Raids to prevent a post-mod-removal crash
[20Jul2025 00:57:15.906] [Server thread/INFO] [com.yellowbrossproductions.illageandspillage.IllageAndSpillage/]: Removed entity.illageandspillage.freakager from Raids to prevent a post-mod-removal crash
[20Jul2025 00:57:15.906] [Server thread/INFO] [com.yellowbrossproductions.illageandspillage.IllageAndSpillage/]: Removed entity.illageandspillage.old_freakager from Raids to prevent a post-mod-removal crash
[20Jul2025 00:57:15.907] [Server thread/INFO] [com.yellowbrossproductions.illageandspillage.IllageAndSpillage/]: Removed entity.illageandspillage.old_magispeller from Raids to prevent a post-mod-removal crash
